<?xml version="1.0" encoding="UTF-8"?>
<testng-results ignored="0" total="3" passed="3" failed="0" skipped="0">
  <reporter-output>
  </reporter-output>
  <suite started-at="2022-08-26T14:54:32 IST" name="Suite" finished-at="2022-08-26T14:56:16 IST" duration-ms="104062">
    <groups>
    </groups>
    <test started-at="2022-08-26T14:54:32 IST" name="Test" finished-at="2022-08-26T14:56:16 IST" duration-ms="104062">
      <class name="automate.test.SF4">
        <test-method is-config="true" signature="setup()[pri:0, instance:automate.test.SF4@173ed316]" started-at="2022-08-26T14:54:32 IST" name="setup" finished-at="2022-08-26T14:54:32 IST" duration-ms="0" status="PASS">
          <reporter-output>
          </reporter-output>
        </test-method> <!-- setup -->
        <test-method is-config="true" signature="preCondition(java.lang.String,java.lang.String,java.lang.String,java.lang.String)[pri:0, instance:automate.test.SF4@173ed316]" started-at="2022-08-26T14:55:30 IST" name="preCondition" finished-at="2022-08-26T14:55:47 IST" duration-ms="17289" status="PASS">
          <params>
            <param index="0">
              <value>
                <![CDATA[Chrome]]>
              </value>
            </param>
            <param index="1">
              <value>
                <![CDATA[https://login.salesforce.com/]]>
              </value>
            </param>
            <param index="2">
              <value>
                <![CDATA[vj@salesforce.com]]>
              </value>
            </param>
            <param index="3">
              <value>
                <![CDATA[Malaysia@94]]>
              </value>
            </param>
          </params>
          <reporter-output>
          </reporter-output>
        </test-method> <!-- preCondition -->
        <test-method signature="sF4(java.lang.String,java.lang.String,java.lang.String,java.lang.String)[pri:0, instance:automate.test.SF4@173ed316]" started-at="2022-08-26T14:55:47 IST" name="sF4" data-provider="testData" finished-at="2022-08-26T14:56:16 IST" duration-ms="28867" status="PASS">
          <params>
            <param index="0">
              <value>
                <![CDATA[Individuals]]>
              </value>
            </param>
            <param index="1">
              <value>
                <![CDATA[N]]>
              </value>
            </param>
            <param index="2">
              <value>
                <![CDATA[Customers]]>
              </value>
            </param>
            <param index="3">
              <value>
                <![CDATA[N]]>
              </value>
            </param>
          </params>
          <reporter-output>
          </reporter-output>
        </test-method> <!-- sF4 -->
        <test-method is-config="true" signature="postCondition()[pri:0, instance:automate.test.SF4@173ed316]" started-at="2022-08-26T14:56:16 IST" name="postCondition" finished-at="2022-08-26T14:56:16 IST" duration-ms="228" status="PASS">
          <reporter-output>
          </reporter-output>
        </test-method> <!-- postCondition -->
      </class> <!-- automate.test.SF4 -->
      <class name="automate.test.SF3">
        <test-method is-config="true" signature="setup()[pri:0, instance:automate.test.SF3@7d0b7e3c]" started-at="2022-08-26T14:54:32 IST" name="setup" finished-at="2022-08-26T14:54:32 IST" duration-ms="6" status="PASS">
          <reporter-output>
          </reporter-output>
        </test-method> <!-- setup -->
        <test-method is-config="true" signature="preCondition(java.lang.String,java.lang.String,java.lang.String,java.lang.String)[pri:0, instance:automate.test.SF3@7d0b7e3c]" started-at="2022-08-26T14:54:33 IST" name="preCondition" finished-at="2022-08-26T14:54:52 IST" duration-ms="18805" status="PASS">
          <params>
            <param index="0">
              <value>
                <![CDATA[Chrome]]>
              </value>
            </param>
            <param index="1">
              <value>
                <![CDATA[https://login.salesforce.com/]]>
              </value>
            </param>
            <param index="2">
              <value>
                <![CDATA[vj@salesforce.com]]>
              </value>
            </param>
            <param index="3">
              <value>
                <![CDATA[Malaysia@94]]>
              </value>
            </param>
          </params>
          <reporter-output>
          </reporter-output>
        </test-method> <!-- preCondition -->
        <test-method signature="sF3(java.lang.String,java.lang.String,java.lang.String)[pri:0, instance:automate.test.SF3@7d0b7e3c]" started-at="2022-08-26T14:54:52 IST" name="sF3" data-provider="testData" finished-at="2022-08-26T14:55:01 IST" duration-ms="9119" status="PASS">
          <params>
            <param index="0">
              <value>
                <![CDATA[content]]>
              </value>
            </param>
            <param index="1">
              <value>
                <![CDATA[coming from excel]]>
              </value>
            </param>
            <param index="2">
              <value>
                <![CDATA[coming from excel]]>
              </value>
            </param>
          </params>
          <reporter-output>
          </reporter-output>
        </test-method> <!-- sF3 -->
        <test-method is-config="true" signature="postCondition()[pri:0, instance:automate.test.SF3@7d0b7e3c]" started-at="2022-08-26T14:55:01 IST" name="postCondition" finished-at="2022-08-26T14:55:03 IST" duration-ms="2458" status="PASS">
          <reporter-output>
          </reporter-output>
        </test-method> <!-- postCondition -->
        <test-method is-config="true" signature="preCondition(java.lang.String,java.lang.String,java.lang.String,java.lang.String)[pri:0, instance:automate.test.SF3@7d0b7e3c]" started-at="2022-08-26T14:55:03 IST" name="preCondition" finished-at="2022-08-26T14:55:16 IST" duration-ms="12757" status="PASS">
          <params>
            <param index="0">
              <value>
                <![CDATA[Chrome]]>
              </value>
            </param>
            <param index="1">
              <value>
                <![CDATA[https://login.salesforce.com/]]>
              </value>
            </param>
            <param index="2">
              <value>
                <![CDATA[vj@salesforce.com]]>
              </value>
            </param>
            <param index="3">
              <value>
                <![CDATA[Malaysia@94]]>
              </value>
            </param>
          </params>
          <reporter-output>
          </reporter-output>
        </test-method> <!-- preCondition -->
        <test-method signature="sF3(java.lang.String,java.lang.String,java.lang.String)[pri:0, instance:automate.test.SF3@7d0b7e3c]" started-at="2022-08-26T14:55:16 IST" name="sF3" data-provider="testData" finished-at="2022-08-26T14:55:27 IST" duration-ms="11017" status="PASS">
          <params>
            <param index="0">
              <value>
                <![CDATA[content]]>
              </value>
            </param>
            <param index="1">
              <value>
                <![CDATA[hello]]>
              </value>
            </param>
            <param index="2">
              <value>
                <![CDATA[hello]]>
              </value>
            </param>
          </params>
          <reporter-output>
          </reporter-output>
        </test-method> <!-- sF3 -->
        <test-method is-config="true" signature="postCondition()[pri:0, instance:automate.test.SF3@7d0b7e3c]" started-at="2022-08-26T14:55:27 IST" name="postCondition" finished-at="2022-08-26T14:55:29 IST" duration-ms="2456" status="PASS">
          <reporter-output>
          </reporter-output>
        </test-method> <!-- postCondition -->
      </class> <!-- automate.test.SF3 -->
    </test> <!-- Test -->
  </suite> <!-- Suite -->
</testng-results>
