<?xml version="1.0" encoding="UTF-8"?>
<testng-results ignored="0" total="5" passed="5" failed="0" skipped="0">
  <reporter-output>
  </reporter-output>
  <suite started-at="2022-08-27T00:42:39 IST" name="Suite" finished-at="2022-08-27T00:55:41 IST" duration-ms="781872">
    <groups>
    </groups>
    <test started-at="2022-08-27T00:42:39 IST" name="Test" finished-at="2022-08-27T00:55:41 IST" duration-ms="781872">
      <class name="serviceNow.SN7Knowledge">
        <test-method is-config="true" signature="setup()[pri:0, instance:serviceNow.SN7Knowledge@27406a17]" started-at="2022-08-27T00:42:39 IST" name="setup" finished-at="2022-08-27T00:42:39 IST" duration-ms="0" status="PASS">
          <reporter-output>
          </reporter-output>
        </test-method> <!-- setup -->
        <test-method is-config="true" signature="preCondition(java.lang.String,java.lang.String,java.lang.String,java.lang.String)[pri:0, instance:serviceNow.SN7Knowledge@27406a17]" started-at="2022-08-27T00:51:00 IST" name="preCondition" finished-at="2022-08-27T00:51:23 IST" duration-ms="22608" status="PASS">
          <params>
            <param index="0">
              <value>
                <![CDATA[Chrome]]>
              </value>
            </param>
            <param index="1">
              <value>
                <![CDATA[https://dev100201.service-now.com/]]>
              </value>
            </param>
            <param index="2">
              <value>
                <![CDATA[admin]]>
              </value>
            </param>
            <param index="3">
              <value>
                <![CDATA[Malaysia@94]]>
              </value>
            </param>
          </params>
          <reporter-output>
          </reporter-output>
        </test-method> <!-- preCondition -->
        <test-method signature="knowledge(java.lang.String)[pri:0, instance:serviceNow.SN7Knowledge@27406a17]" started-at="2022-08-27T00:51:23 IST" name="knowledge" data-provider="TestData" finished-at="2022-08-27T00:53:21 IST" duration-ms="118342" status="PASS">
          <params>
            <param index="0">
              <value>
                <![CDATA[Course]]>
              </value>
            </param>
          </params>
          <reporter-output>
          </reporter-output>
        </test-method> <!-- knowledge -->
        <test-method is-config="true" signature="postCondition()[pri:0, instance:serviceNow.SN7Knowledge@27406a17]" started-at="2022-08-27T00:53:21 IST" name="postCondition" finished-at="2022-08-27T00:53:24 IST" duration-ms="2570" status="PASS">
          <reporter-output>
          </reporter-output>
        </test-method> <!-- postCondition -->
        <test-method is-config="true" signature="preCondition(java.lang.String,java.lang.String,java.lang.String,java.lang.String)[pri:0, instance:serviceNow.SN7Knowledge@27406a17]" started-at="2022-08-27T00:53:24 IST" name="preCondition" finished-at="2022-08-27T00:53:44 IST" duration-ms="20648" status="PASS">
          <params>
            <param index="0">
              <value>
                <![CDATA[Chrome]]>
              </value>
            </param>
            <param index="1">
              <value>
                <![CDATA[https://dev100201.service-now.com/]]>
              </value>
            </param>
            <param index="2">
              <value>
                <![CDATA[admin]]>
              </value>
            </param>
            <param index="3">
              <value>
                <![CDATA[Malaysia@94]]>
              </value>
            </param>
          </params>
          <reporter-output>
          </reporter-output>
        </test-method> <!-- preCondition -->
        <test-method signature="knowledge(java.lang.String)[pri:0, instance:serviceNow.SN7Knowledge@27406a17]" started-at="2022-08-27T00:53:44 IST" name="knowledge" data-provider="TestData" finished-at="2022-08-27T00:55:39 IST" duration-ms="114370" status="PASS">
          <params>
            <param index="0">
              <value>
                <![CDATA[Java Course]]>
              </value>
            </param>
          </params>
          <reporter-output>
          </reporter-output>
        </test-method> <!-- knowledge -->
        <test-method is-config="true" signature="postCondition()[pri:0, instance:serviceNow.SN7Knowledge@27406a17]" started-at="2022-08-27T00:55:39 IST" name="postCondition" finished-at="2022-08-27T00:55:41 IST" duration-ms="2557" status="PASS">
          <reporter-output>
          </reporter-output>
        </test-method> <!-- postCondition -->
      </class> <!-- serviceNow.SN7Knowledge -->
      <class name="serviceNow.SN4Proposal">
        <test-method is-config="true" signature="preCondition(java.lang.String,java.lang.String,java.lang.String,java.lang.String)[pri:0, instance:serviceNow.SN4Proposal@17f62e33]" started-at="2022-08-27T00:44:54 IST" name="preCondition" finished-at="2022-08-27T00:45:13 IST" duration-ms="19792" status="PASS">
          <params>
            <param index="0">
              <value>
                <![CDATA[Chrome]]>
              </value>
            </param>
            <param index="1">
              <value>
                <![CDATA[https://dev100201.service-now.com/]]>
              </value>
            </param>
            <param index="2">
              <value>
                <![CDATA[admin]]>
              </value>
            </param>
            <param index="3">
              <value>
                <![CDATA[Malaysia@94]]>
              </value>
            </param>
          </params>
          <reporter-output>
          </reporter-output>
        </test-method> <!-- preCondition -->
        <test-method signature="proposal()[pri:0, instance:serviceNow.SN4Proposal@17f62e33]" started-at="2022-08-27T00:45:13 IST" name="proposal" finished-at="2022-08-27T00:48:05 IST" duration-ms="171175" status="PASS">
          <reporter-output>
          </reporter-output>
        </test-method> <!-- proposal -->
        <test-method is-config="true" signature="postCondition()[pri:0, instance:serviceNow.SN4Proposal@17f62e33]" started-at="2022-08-27T00:48:05 IST" name="postCondition" finished-at="2022-08-27T00:48:07 IST" duration-ms="2566" status="PASS">
          <reporter-output>
          </reporter-output>
        </test-method> <!-- postCondition -->
      </class> <!-- serviceNow.SN4Proposal -->
      <class name="serviceNow.SN3Mobile">
        <test-method is-config="true" signature="preCondition(java.lang.String,java.lang.String,java.lang.String,java.lang.String)[pri:0, instance:serviceNow.SN3Mobile@537f60bf]" started-at="2022-08-27T00:42:39 IST" name="preCondition" finished-at="2022-08-27T00:43:05 IST" duration-ms="25300" status="PASS">
          <params>
            <param index="0">
              <value>
                <![CDATA[Chrome]]>
              </value>
            </param>
            <param index="1">
              <value>
                <![CDATA[https://dev100201.service-now.com/]]>
              </value>
            </param>
            <param index="2">
              <value>
                <![CDATA[admin]]>
              </value>
            </param>
            <param index="3">
              <value>
                <![CDATA[Malaysia@94]]>
              </value>
            </param>
          </params>
          <reporter-output>
          </reporter-output>
        </test-method> <!-- preCondition -->
        <test-method signature="mobile()[pri:0, instance:serviceNow.SN3Mobile@537f60bf]" started-at="2022-08-27T00:43:05 IST" name="mobile" finished-at="2022-08-27T00:44:53 IST" duration-ms="108223" status="PASS">
          <reporter-output>
          </reporter-output>
        </test-method> <!-- mobile -->
        <test-method is-config="true" signature="postCondition()[pri:0, instance:serviceNow.SN3Mobile@537f60bf]" started-at="2022-08-27T00:44:53 IST" name="postCondition" finished-at="2022-08-27T00:44:54 IST" duration-ms="760" status="PASS">
          <reporter-output>
          </reporter-output>
        </test-method> <!-- postCondition -->
      </class> <!-- serviceNow.SN3Mobile -->
      <class name="serviceNow.SN5Caller">
        <test-method is-config="true" signature="setup()[pri:0, instance:serviceNow.SN5Caller@76b1e9b8]" started-at="2022-08-27T00:42:39 IST" name="setup" finished-at="2022-08-27T00:42:39 IST" duration-ms="12" status="PASS">
          <reporter-output>
          </reporter-output>
        </test-method> <!-- setup -->
        <test-method is-config="true" signature="preCondition(java.lang.String,java.lang.String,java.lang.String,java.lang.String)[pri:0, instance:serviceNow.SN5Caller@76b1e9b8]" started-at="2022-08-27T00:48:11 IST" name="preCondition" finished-at="2022-08-27T00:48:37 IST" duration-ms="25995" status="PASS">
          <params>
            <param index="0">
              <value>
                <![CDATA[Chrome]]>
              </value>
            </param>
            <param index="1">
              <value>
                <![CDATA[https://dev100201.service-now.com/]]>
              </value>
            </param>
            <param index="2">
              <value>
                <![CDATA[admin]]>
              </value>
            </param>
            <param index="3">
              <value>
                <![CDATA[Malaysia@94]]>
              </value>
            </param>
          </params>
          <reporter-output>
          </reporter-output>
        </test-method> <!-- preCondition -->
        <test-method signature="caller(java.lang.String,java.lang.String,java.lang.String,java.lang.String,java.lang.String,java.lang.String)[pri:0, instance:serviceNow.SN5Caller@76b1e9b8]" started-at="2022-08-27T00:48:37 IST" name="caller" data-provider="TestData" finished-at="2022-08-27T00:50:57 IST" duration-ms="140469" status="PASS">
          <params>
            <param index="0">
              <value>
                <![CDATA[VijayaDharanya]]>
              </value>
            </param>
            <param index="1">
              <value>
                <![CDATA[N]]>
              </value>
            </param>
            <param index="2">
              <value>
                <![CDATA[vj@gmail.com]]>
              </value>
            </param>
            <param index="3">
              <value>
                <![CDATA[9085674890]]>
              </value>
            </param>
            <param index="4">
              <value>
                <![CDATA[9984765809]]>
              </value>
            </param>
            <param index="5">
              <value>
                <![CDATA[VijayaDharanya]]>
              </value>
            </param>
          </params>
          <reporter-output>
          </reporter-output>
        </test-method> <!-- caller -->
        <test-method is-config="true" signature="postCondition()[pri:0, instance:serviceNow.SN5Caller@76b1e9b8]" started-at="2022-08-27T00:50:57 IST" name="postCondition" finished-at="2022-08-27T00:51:00 IST" duration-ms="2474" status="PASS">
          <reporter-output>
          </reporter-output>
        </test-method> <!-- postCondition -->
      </class> <!-- serviceNow.SN5Caller -->
    </test> <!-- Test -->
  </suite> <!-- Suite -->
</testng-results>
