<?xml version="1.0" encoding="UTF-8"?>
<testng-results ignored="0" total="5" passed="5" failed="0" skipped="0">
  <reporter-output>
  </reporter-output>
  <suite started-at="2022-08-27T01:17:00 IST" name="Suite" finished-at="2022-08-27T01:23:27 IST" duration-ms="386652">
    <groups>
    </groups>
    <test started-at="2022-08-27T01:17:00 IST" name="Test" finished-at="2022-08-27T01:23:27 IST" duration-ms="386652">
      <class name="serviceNow.SN7Knowledge">
        <test-method is-config="true" signature="setup()[pri:0, instance:serviceNow.SN7Knowledge@27406a17]" started-at="2022-08-27T01:17:00 IST" name="setup" finished-at="2022-08-27T01:17:00 IST" duration-ms="0" status="PASS">
          <reporter-output>
          </reporter-output>
        </test-method> <!-- setup -->
        <test-method is-config="true" signature="preCondition(java.lang.String,java.lang.String,java.lang.String,java.lang.String)[pri:0, instance:serviceNow.SN7Knowledge@27406a17]" started-at="2022-08-27T01:19:04 IST" name="preCondition" finished-at="2022-08-27T01:19:24 IST" duration-ms="19851" status="PASS">
          <params>
            <param index="0">
              <value>
                <![CDATA[Chrome]]>
              </value>
            </param>
            <param index="1">
              <value>
                <![CDATA[https://dev100201.service-now.com/]]>
              </value>
            </param>
            <param index="2">
              <value>
                <![CDATA[admin]]>
              </value>
            </param>
            <param index="3">
              <value>
                <![CDATA[Malaysia@94]]>
              </value>
            </param>
          </params>
          <reporter-output>
          </reporter-output>
        </test-method> <!-- preCondition -->
        <test-method signature="knowledge(java.lang.String)[pri:0, instance:serviceNow.SN7Knowledge@27406a17]" started-at="2022-08-27T01:19:24 IST" name="knowledge" data-provider="TestData" finished-at="2022-08-27T01:21:15 IST" duration-ms="111115" status="PASS">
          <params>
            <param index="0">
              <value>
                <![CDATA[Course]]>
              </value>
            </param>
          </params>
          <reporter-output>
          </reporter-output>
        </test-method> <!-- knowledge -->
        <test-method is-config="true" signature="postCondition()[pri:0, instance:serviceNow.SN7Knowledge@27406a17]" started-at="2022-08-27T01:21:15 IST" name="postCondition" finished-at="2022-08-27T01:21:18 IST" duration-ms="2438" status="PASS">
          <reporter-output>
          </reporter-output>
        </test-method> <!-- postCondition -->
        <test-method is-config="true" signature="preCondition(java.lang.String,java.lang.String,java.lang.String,java.lang.String)[pri:0, instance:serviceNow.SN7Knowledge@27406a17]" started-at="2022-08-27T01:21:18 IST" name="preCondition" finished-at="2022-08-27T01:21:32 IST" duration-ms="13964" status="PASS">
          <params>
            <param index="0">
              <value>
                <![CDATA[Chrome]]>
              </value>
            </param>
            <param index="1">
              <value>
                <![CDATA[https://dev100201.service-now.com/]]>
              </value>
            </param>
            <param index="2">
              <value>
                <![CDATA[admin]]>
              </value>
            </param>
            <param index="3">
              <value>
                <![CDATA[Malaysia@94]]>
              </value>
            </param>
          </params>
          <reporter-output>
          </reporter-output>
        </test-method> <!-- preCondition -->
        <test-method signature="knowledge(java.lang.String)[pri:0, instance:serviceNow.SN7Knowledge@27406a17]" started-at="2022-08-27T01:21:32 IST" name="knowledge" data-provider="TestData" finished-at="2022-08-27T01:23:24 IST" duration-ms="112338" status="PASS">
          <params>
            <param index="0">
              <value>
                <![CDATA[Java Course]]>
              </value>
            </param>
          </params>
          <reporter-output>
          </reporter-output>
        </test-method> <!-- knowledge -->
        <test-method is-config="true" signature="postCondition()[pri:0, instance:serviceNow.SN7Knowledge@27406a17]" started-at="2022-08-27T01:23:24 IST" name="postCondition" finished-at="2022-08-27T01:23:27 IST" duration-ms="2445" status="PASS">
          <reporter-output>
          </reporter-output>
        </test-method> <!-- postCondition -->
      </class> <!-- serviceNow.SN7Knowledge -->
      <class name="serviceNow.SN4Proposal">
        <test-method is-config="true" signature="preCondition(java.lang.String,java.lang.String,java.lang.String,java.lang.String)[pri:0, instance:serviceNow.SN4Proposal@17f62e33]" started-at="2022-08-27T01:17:00 IST" name="preCondition" finished-at="2022-08-27T01:17:21 IST" duration-ms="20804" status="PASS">
          <params>
            <param index="0">
              <value>
                <![CDATA[Chrome]]>
              </value>
            </param>
            <param index="1">
              <value>
                <![CDATA[https://dev100201.service-now.com/]]>
              </value>
            </param>
            <param index="2">
              <value>
                <![CDATA[admin]]>
              </value>
            </param>
            <param index="3">
              <value>
                <![CDATA[Malaysia@94]]>
              </value>
            </param>
          </params>
          <reporter-output>
          </reporter-output>
        </test-method> <!-- preCondition -->
        <test-method signature="proposal()[pri:0, instance:serviceNow.SN4Proposal@17f62e33]" started-at="2022-08-27T01:17:21 IST" name="proposal" finished-at="2022-08-27T01:20:10 IST" duration-ms="169074" status="PASS">
          <reporter-output>
          </reporter-output>
        </test-method> <!-- proposal -->
        <test-method is-config="true" signature="postCondition()[pri:0, instance:serviceNow.SN4Proposal@17f62e33]" started-at="2022-08-27T01:20:10 IST" name="postCondition" finished-at="2022-08-27T01:20:12 IST" duration-ms="2398" status="PASS">
          <reporter-output>
          </reporter-output>
        </test-method> <!-- postCondition -->
      </class> <!-- serviceNow.SN4Proposal -->
      <class name="serviceNow.SN3Mobile">
        <test-method is-config="true" signature="preCondition(java.lang.String,java.lang.String,java.lang.String,java.lang.String)[pri:0, instance:serviceNow.SN3Mobile@537f60bf]" started-at="2022-08-27T01:17:00 IST" name="preCondition" finished-at="2022-08-27T01:17:21 IST" duration-ms="21492" status="PASS">
          <params>
            <param index="0">
              <value>
                <![CDATA[Chrome]]>
              </value>
            </param>
            <param index="1">
              <value>
                <![CDATA[https://dev100201.service-now.com/]]>
              </value>
            </param>
            <param index="2">
              <value>
                <![CDATA[admin]]>
              </value>
            </param>
            <param index="3">
              <value>
                <![CDATA[Malaysia@94]]>
              </value>
            </param>
          </params>
          <reporter-output>
          </reporter-output>
        </test-method> <!-- preCondition -->
        <test-method signature="mobile()[pri:0, instance:serviceNow.SN3Mobile@537f60bf]" started-at="2022-08-27T01:17:21 IST" name="mobile" finished-at="2022-08-27T01:19:03 IST" duration-ms="101941" status="PASS">
          <reporter-output>
          </reporter-output>
        </test-method> <!-- mobile -->
        <test-method is-config="true" signature="postCondition()[pri:0, instance:serviceNow.SN3Mobile@537f60bf]" started-at="2022-08-27T01:19:03 IST" name="postCondition" finished-at="2022-08-27T01:19:04 IST" duration-ms="856" status="PASS">
          <reporter-output>
          </reporter-output>
        </test-method> <!-- postCondition -->
      </class> <!-- serviceNow.SN3Mobile -->
      <class name="serviceNow.SN5Caller">
        <test-method is-config="true" signature="setup()[pri:0, instance:serviceNow.SN5Caller@76b1e9b8]" started-at="2022-08-27T01:17:00 IST" name="setup" finished-at="2022-08-27T01:17:00 IST" duration-ms="7" status="PASS">
          <reporter-output>
          </reporter-output>
        </test-method> <!-- setup -->
        <test-method is-config="true" signature="preCondition(java.lang.String,java.lang.String,java.lang.String,java.lang.String)[pri:0, instance:serviceNow.SN5Caller@76b1e9b8]" started-at="2022-08-27T01:17:02 IST" name="preCondition" finished-at="2022-08-27T01:17:25 IST" duration-ms="22840" status="PASS">
          <params>
            <param index="0">
              <value>
                <![CDATA[Chrome]]>
              </value>
            </param>
            <param index="1">
              <value>
                <![CDATA[https://dev100201.service-now.com/]]>
              </value>
            </param>
            <param index="2">
              <value>
                <![CDATA[admin]]>
              </value>
            </param>
            <param index="3">
              <value>
                <![CDATA[Malaysia@94]]>
              </value>
            </param>
          </params>
          <reporter-output>
          </reporter-output>
        </test-method> <!-- preCondition -->
        <test-method signature="caller(java.lang.String,java.lang.String,java.lang.String,java.lang.String,java.lang.String,java.lang.String)[pri:0, instance:serviceNow.SN5Caller@76b1e9b8]" started-at="2022-08-27T01:17:25 IST" name="caller" data-provider="TestData" finished-at="2022-08-27T01:19:44 IST" duration-ms="139566" status="PASS">
          <params>
            <param index="0">
              <value>
                <![CDATA[VijayaDharanya]]>
              </value>
            </param>
            <param index="1">
              <value>
                <![CDATA[N]]>
              </value>
            </param>
            <param index="2">
              <value>
                <![CDATA[vj@gmail.com]]>
              </value>
            </param>
            <param index="3">
              <value>
                <![CDATA[9085674890]]>
              </value>
            </param>
            <param index="4">
              <value>
                <![CDATA[9984765809]]>
              </value>
            </param>
            <param index="5">
              <value>
                <![CDATA[VijayaDharanya]]>
              </value>
            </param>
          </params>
          <reporter-output>
          </reporter-output>
        </test-method> <!-- caller -->
        <test-method is-config="true" signature="postCondition()[pri:0, instance:serviceNow.SN5Caller@76b1e9b8]" started-at="2022-08-27T01:19:44 IST" name="postCondition" finished-at="2022-08-27T01:19:47 IST" duration-ms="2420" status="PASS">
          <reporter-output>
          </reporter-output>
        </test-method> <!-- postCondition -->
      </class> <!-- serviceNow.SN5Caller -->
    </test> <!-- Test -->
  </suite> <!-- Suite -->
</testng-results>
